<?xml version="1.0" encoding="UTF-8"?>
<testng-results ignored="0" total="2" passed="2" failed="0" skipped="0">
  <reporter-output>
  </reporter-output>
  <suite started-at="2023-07-23T20:29:49 EDT" name="Default suite" finished-at="2023-07-23T20:29:50 EDT" duration-ms="340">
    <groups>
    </groups>
    <test started-at="2023-07-23T20:29:49 EDT" name="Default test" finished-at="2023-07-23T20:29:50 EDT" duration-ms="340">
      <class name="apis.ConvertPojotoJsonAndJsonToPojo">
        <test-method signature="convertJsonToPojo()[pri:0, instance:apis.ConvertPojotoJsonAndJsonToPojo@2e3967ea]" started-at="2023-07-23T20:29:49 EDT" name="convertJsonToPojo" finished-at="2023-07-23T20:29:50 EDT" duration-ms="258" status="PASS">
          <reporter-output>
          </reporter-output>
        </test-method> <!-- convertJsonToPojo -->
        <test-method signature="convertPojoToJson()[pri:0, instance:apis.ConvertPojotoJsonAndJsonToPojo@2e3967ea]" started-at="2023-07-23T20:29:50 EDT" name="convertPojoToJson" finished-at="2023-07-23T20:29:50 EDT" duration-ms="29" status="PASS">
          <reporter-output>
          </reporter-output>
        </test-method> <!-- convertPojoToJson -->
      </class> <!-- apis.ConvertPojotoJsonAndJsonToPojo -->
    </test> <!-- Default test -->
  </suite> <!-- Default suite -->
</testng-results>
